2024-04-01 15:00:22,082 [Worker-5: Loading available Gradle versions] INFO  o.e.b.c.i.u.g.PublishedGradleVersions - Gradle version information cache is out-of-date. Trying to update.
2024-04-01 15:02:05,102 [Worker-29: Launching mavenrun-8f6c3919-5e82-4c51-8cc9-38c4fbb46267] INFO  o.e.m.i.launch.MavenLaunchDelegate - C:\Users\saira\Personal\Priyanka\JavaLearning\SpringNewLearn
2024-04-01 15:02:05,112 [Worker-29: Launching mavenrun-8f6c3919-5e82-4c51-8cc9-38c4fbb46267] INFO  o.e.m.i.launch.MavenLaunchDelegate -  mvn -DarchetypeVersion=1.1 -Dpackage=com.priya.newSpringLearn -DarchetypeGroupId=org.apache.maven.archetypes -DarchetypeArtifactId=maven-archetype-quickstart -DgroupId=com.priya -DartifactId=newSpringLearn -DoutputDirectory=C:\Users\saira\Personal\Priyanka\JavaLearning\SpringNewLearn -Dversion=0.0.1-SNAPSHOT -Dstyle.color=always -U archetype:generate
2024-04-01 15:02:25,960 [Worker-22: Creating maven-archetype-quickstart] INFO  o.e.m.c.i.p.ProjectConfigurationManager - Collecting project info '/pom.xml' C:\Users\saira\Personal\Priyanka\JavaLearning\SpringNewLearn\newSpringLearn\pom.xml
2024-04-01 15:02:29,831 [Worker-22: Creating maven-archetype-quickstart] INFO  o.e.m.c.i.l.LifecycleMappingFactory - Using org.eclipse.m2e.jdt.JarLifecycleMapping lifecycle mapping for MavenProject: com.priya:newSpringLearn:0.0.1-SNAPSHOT @ C:\Users\saira\Personal\Priyanka\JavaLearning\SpringNewLearn\newSpringLearn\pom.xml.
2024-04-01 15:02:30,951 [Worker-22: Creating maven-archetype-quickstart] INFO  o.e.m.j.i.AbstractJavaProjectConfigurator - Adding source folder /newSpringLearn/src/main/java
2024-04-01 15:02:30,964 [Worker-22: Creating maven-archetype-quickstart] INFO  o.e.m.j.i.AbstractJavaProjectConfigurator - Adding source folder /newSpringLearn/src/test/java
2024-04-01 15:02:34,160 [Worker-43: Building] INFO  o.e.m.c.i.embedder.EclipseLogger - Using 'UTF-8' encoding to copy filtered resources.
2024-04-01 15:02:34,160 [Worker-43: Building] INFO  o.e.m.c.i.embedder.EclipseLogger - skip non existing resourceDirectory C:\Users\saira\Personal\Priyanka\JavaLearning\SpringNewLearn\newSpringLearn\src\main\resources
2024-04-01 15:02:34,166 [Worker-43: Building] INFO  o.e.m.c.i.embedder.EclipseLogger - Using 'UTF-8' encoding to copy filtered resources.
2024-04-01 15:02:34,166 [Worker-43: Building] INFO  o.e.m.c.i.embedder.EclipseLogger - skip non existing resourceDirectory C:\Users\saira\Personal\Priyanka\JavaLearning\SpringNewLearn\newSpringLearn\src\test\resources
2024-04-01 15:03:51,976 [Worker-15: Building] INFO  o.e.m.c.i.l.LifecycleMappingFactory - Using org.eclipse.m2e.jdt.JarLifecycleMapping lifecycle mapping for MavenProject: com.priya:newSpringLearn:0.0.1-SNAPSHOT @ C:\Users\saira\Personal\Priyanka\JavaLearning\SpringNewLearn\newSpringLearn\pom.xml.
2024-04-01 15:03:52,314 [Worker-15: Building] INFO  o.e.m.c.i.embedder.EclipseLogger - Using 'UTF-8' encoding to copy filtered resources.
2024-04-01 15:03:52,315 [Worker-15: Building] INFO  o.e.m.c.i.embedder.EclipseLogger - skip non existing resourceDirectory C:\Users\saira\Personal\Priyanka\JavaLearning\SpringNewLearn\newSpringLearn\src\main\resources
2024-04-01 15:03:52,319 [Worker-15: Building] INFO  o.e.m.c.i.embedder.EclipseLogger - Using 'UTF-8' encoding to copy filtered resources.
2024-04-01 15:03:52,319 [Worker-15: Building] INFO  o.e.m.c.i.embedder.EclipseLogger - skip non existing resourceDirectory C:\Users\saira\Personal\Priyanka\JavaLearning\SpringNewLearn\newSpringLearn\src\test\resources
2024-04-01 15:03:53,214 [Worker-22: Download sources and javadoc] INFO  o.e.m.c.i.e.AbstractTransferListenerAdapter - Downloading https://repo.maven.apache.org/maven2/org/springframework/spring-core/6.1.4/spring-core-6.1.4-sources.jar
2024-04-01 15:03:53,517 [Worker-22: Download sources and javadoc] INFO  o.e.m.c.i.e.AbstractTransferListenerAdapter - Downloaded https://repo.maven.apache.org/maven2/org/springframework/spring-core/6.1.4/spring-core-6.1.4-sources.jar
2024-04-01 15:03:53,522 [Worker-22: Download sources and javadoc] INFO  o.e.m.j.internal.DownloadSourcesJob - Downloaded sources for org.springframework:spring-core:6.1.4
2024-04-01 15:03:53,641 [Worker-22: Download sources and javadoc] INFO  o.e.m.c.i.e.AbstractTransferListenerAdapter - Downloading https://repo.maven.apache.org/maven2/org/springframework/spring-jcl/6.1.4/spring-jcl-6.1.4-sources.jar
2024-04-01 15:03:53,771 [Worker-27: Building] INFO  o.e.m.c.i.embedder.EclipseLogger - Using 'UTF-8' encoding to copy filtered resources.
2024-04-01 15:03:53,771 [Worker-27: Building] INFO  o.e.m.c.i.embedder.EclipseLogger - skip non existing resourceDirectory C:\Users\saira\Personal\Priyanka\JavaLearning\SpringNewLearn\newSpringLearn\src\main\resources
2024-04-01 15:03:53,773 [Worker-27: Building] INFO  o.e.m.c.i.embedder.EclipseLogger - Using 'UTF-8' encoding to copy filtered resources.
2024-04-01 15:03:53,773 [Worker-27: Building] INFO  o.e.m.c.i.embedder.EclipseLogger - skip non existing resourceDirectory C:\Users\saira\Personal\Priyanka\JavaLearning\SpringNewLearn\newSpringLearn\src\test\resources
2024-04-01 15:03:53,784 [Worker-22: Download sources and javadoc] INFO  o.e.m.c.i.e.AbstractTransferListenerAdapter - Downloaded https://repo.maven.apache.org/maven2/org/springframework/spring-jcl/6.1.4/spring-jcl-6.1.4-sources.jar
2024-04-01 15:03:53,787 [Worker-22: Download sources and javadoc] INFO  o.e.m.j.internal.DownloadSourcesJob - Downloaded sources for org.springframework:spring-jcl:6.1.4
2024-04-01 15:03:54,850 [Worker-27: Building] INFO  o.e.m.c.i.embedder.EclipseLogger - Using 'UTF-8' encoding to copy filtered resources.
2024-04-01 15:03:54,851 [Worker-27: Building] INFO  o.e.m.c.i.embedder.EclipseLogger - skip non existing resourceDirectory C:\Users\saira\Personal\Priyanka\JavaLearning\SpringNewLearn\newSpringLearn\src\main\resources
2024-04-01 15:03:54,852 [Worker-27: Building] INFO  o.e.m.c.i.embedder.EclipseLogger - Using 'UTF-8' encoding to copy filtered resources.
2024-04-01 15:03:54,853 [Worker-27: Building] INFO  o.e.m.c.i.embedder.EclipseLogger - skip non existing resourceDirectory C:\Users\saira\Personal\Priyanka\JavaLearning\SpringNewLearn\newSpringLearn\src\test\resources
2024-04-01 15:05:04,530 [Worker-27: Building] INFO  o.e.m.c.i.embedder.EclipseLogger - Using 'UTF-8' encoding to copy filtered resources.
2024-04-01 15:05:04,531 [Worker-27: Building] INFO  o.e.m.c.i.embedder.EclipseLogger - skip non existing resourceDirectory C:\Users\saira\Personal\Priyanka\JavaLearning\SpringNewLearn\newSpringLearn\src\main\resources
2024-04-01 15:05:04,532 [Worker-27: Building] INFO  o.e.m.c.i.embedder.EclipseLogger - Using 'UTF-8' encoding to copy filtered resources.
2024-04-01 15:05:04,533 [Worker-27: Building] INFO  o.e.m.c.i.embedder.EclipseLogger - skip non existing resourceDirectory C:\Users\saira\Personal\Priyanka\JavaLearning\SpringNewLearn\newSpringLearn\src\test\resources
2024-04-01 15:05:42,332 [Worker-19: Building] INFO  o.e.m.c.i.embedder.EclipseLogger - Using 'UTF-8' encoding to copy filtered resources.
2024-04-01 15:05:42,333 [Worker-19: Building] INFO  o.e.m.c.i.embedder.EclipseLogger - skip non existing resourceDirectory C:\Users\saira\Personal\Priyanka\JavaLearning\SpringNewLearn\newSpringLearn\src\main\resources
2024-04-01 15:05:42,336 [Worker-19: Building] INFO  o.e.m.c.i.embedder.EclipseLogger - Using 'UTF-8' encoding to copy filtered resources.
2024-04-01 15:05:42,336 [Worker-19: Building] INFO  o.e.m.c.i.embedder.EclipseLogger - skip non existing resourceDirectory C:\Users\saira\Personal\Priyanka\JavaLearning\SpringNewLearn\newSpringLearn\src\test\resources
2024-04-01 15:05:43,352 [Worker-37: Building] INFO  o.e.m.c.i.embedder.EclipseLogger - Using 'UTF-8' encoding to copy filtered resources.
2024-04-01 15:05:43,353 [Worker-37: Building] INFO  o.e.m.c.i.embedder.EclipseLogger - skip non existing resourceDirectory C:\Users\saira\Personal\Priyanka\JavaLearning\SpringNewLearn\newSpringLearn\src\main\resources
2024-04-01 15:05:43,356 [Worker-37: Building] INFO  o.e.m.c.i.embedder.EclipseLogger - Using 'UTF-8' encoding to copy filtered resources.
2024-04-01 15:05:43,356 [Worker-37: Building] INFO  o.e.m.c.i.embedder.EclipseLogger - skip non existing resourceDirectory C:\Users\saira\Personal\Priyanka\JavaLearning\SpringNewLearn\newSpringLearn\src\test\resources
2024-04-01 15:06:21,308 [Worker-38: Building] INFO  o.e.m.c.i.embedder.EclipseLogger - Using 'UTF-8' encoding to copy filtered resources.
2024-04-01 15:06:21,308 [Worker-38: Building] INFO  o.e.m.c.i.embedder.EclipseLogger - skip non existing resourceDirectory C:\Users\saira\Personal\Priyanka\JavaLearning\SpringNewLearn\newSpringLearn\src\main\resources
2024-04-01 15:06:21,311 [Worker-38: Building] INFO  o.e.m.c.i.embedder.EclipseLogger - Using 'UTF-8' encoding to copy filtered resources.
2024-04-01 15:06:21,311 [Worker-38: Building] INFO  o.e.m.c.i.embedder.EclipseLogger - skip non existing resourceDirectory C:\Users\saira\Personal\Priyanka\JavaLearning\SpringNewLearn\newSpringLearn\src\test\resources
2024-04-01 15:06:45,019 [Worker-22: Building] INFO  o.e.m.c.i.embedder.EclipseLogger - Using 'UTF-8' encoding to copy filtered resources.
2024-04-01 15:06:45,020 [Worker-22: Building] INFO  o.e.m.c.i.embedder.EclipseLogger - skip non existing resourceDirectory C:\Users\saira\Personal\Priyanka\JavaLearning\SpringNewLearn\newSpringLearn\src\main\resources
2024-04-01 15:06:45,023 [Worker-22: Building] INFO  o.e.m.c.i.embedder.EclipseLogger - Using 'UTF-8' encoding to copy filtered resources.
2024-04-01 15:06:45,024 [Worker-22: Building] INFO  o.e.m.c.i.embedder.EclipseLogger - skip non existing resourceDirectory C:\Users\saira\Personal\Priyanka\JavaLearning\SpringNewLearn\newSpringLearn\src\test\resources
2024-04-01 15:07:13,115 [Worker-38: Building] INFO  o.e.m.c.i.embedder.EclipseLogger - Using 'UTF-8' encoding to copy filtered resources.
2024-04-01 15:07:13,116 [Worker-38: Building] INFO  o.e.m.c.i.embedder.EclipseLogger - skip non existing resourceDirectory C:\Users\saira\Personal\Priyanka\JavaLearning\SpringNewLearn\newSpringLearn\src\main\resources
2024-04-01 15:07:13,118 [Worker-38: Building] INFO  o.e.m.c.i.embedder.EclipseLogger - Using 'UTF-8' encoding to copy filtered resources.
2024-04-01 15:07:13,118 [Worker-38: Building] INFO  o.e.m.c.i.embedder.EclipseLogger - skip non existing resourceDirectory C:\Users\saira\Personal\Priyanka\JavaLearning\SpringNewLearn\newSpringLearn\src\test\resources
2024-04-01 15:07:58,459 [Worker-19: Launching App] INFO  o.e.m.c.i.embedder.EclipseLogger - Using 'UTF-8' encoding to copy filtered resources.
2024-04-01 15:07:58,459 [Worker-19: Launching App] INFO  o.e.m.c.i.embedder.EclipseLogger - skip non existing resourceDirectory C:\Users\saira\Personal\Priyanka\JavaLearning\SpringNewLearn\newSpringLearn\src\main\resources
2024-04-01 15:07:58,461 [Worker-19: Launching App] INFO  o.e.m.c.i.embedder.EclipseLogger - Using 'UTF-8' encoding to copy filtered resources.
2024-04-01 15:07:58,461 [Worker-19: Launching App] INFO  o.e.m.c.i.embedder.EclipseLogger - skip non existing resourceDirectory C:\Users\saira\Personal\Priyanka\JavaLearning\SpringNewLearn\newSpringLearn\src\test\resources
2024-04-01 15:08:57,907 [Worker-27: Building] INFO  o.e.m.c.i.embedder.EclipseLogger - Using 'UTF-8' encoding to copy filtered resources.
2024-04-01 15:08:57,907 [Worker-27: Building] INFO  o.e.m.c.i.embedder.EclipseLogger - skip non existing resourceDirectory C:\Users\saira\Personal\Priyanka\JavaLearning\SpringNewLearn\newSpringLearn\src\main\resources
2024-04-01 15:08:57,909 [Worker-27: Building] INFO  o.e.m.c.i.embedder.EclipseLogger - Using 'UTF-8' encoding to copy filtered resources.
2024-04-01 15:08:57,910 [Worker-27: Building] INFO  o.e.m.c.i.embedder.EclipseLogger - skip non existing resourceDirectory C:\Users\saira\Personal\Priyanka\JavaLearning\SpringNewLearn\newSpringLearn\src\test\resources
2024-04-01 15:09:09,621 [Worker-15: Building] INFO  o.e.m.c.i.embedder.EclipseLogger - Using 'UTF-8' encoding to copy filtered resources.
2024-04-01 15:09:09,621 [Worker-15: Building] INFO  o.e.m.c.i.embedder.EclipseLogger - skip non existing resourceDirectory C:\Users\saira\Personal\Priyanka\JavaLearning\SpringNewLearn\newSpringLearn\src\main\resources
2024-04-01 15:09:09,625 [Worker-15: Building] INFO  o.e.m.c.i.embedder.EclipseLogger - Using 'UTF-8' encoding to copy filtered resources.
2024-04-01 15:09:09,625 [Worker-15: Building] INFO  o.e.m.c.i.embedder.EclipseLogger - skip non existing resourceDirectory C:\Users\saira\Personal\Priyanka\JavaLearning\SpringNewLearn\newSpringLearn\src\test\resources
2024-04-01 15:09:24,587 [Worker-11: Building] INFO  o.e.m.c.i.embedder.EclipseLogger - Using 'UTF-8' encoding to copy filtered resources.
2024-04-01 15:09:24,587 [Worker-11: Building] INFO  o.e.m.c.i.embedder.EclipseLogger - skip non existing resourceDirectory C:\Users\saira\Personal\Priyanka\JavaLearning\SpringNewLearn\newSpringLearn\src\main\resources
2024-04-01 15:09:24,589 [Worker-11: Building] INFO  o.e.m.c.i.embedder.EclipseLogger - Using 'UTF-8' encoding to copy filtered resources.
2024-04-01 15:09:24,589 [Worker-11: Building] INFO  o.e.m.c.i.embedder.EclipseLogger - skip non existing resourceDirectory C:\Users\saira\Personal\Priyanka\JavaLearning\SpringNewLearn\newSpringLearn\src\test\resources
2024-04-01 15:09:34,975 [Worker-15: Building] INFO  o.e.m.c.i.embedder.EclipseLogger - Using 'UTF-8' encoding to copy filtered resources.
2024-04-01 15:09:34,975 [Worker-15: Building] INFO  o.e.m.c.i.embedder.EclipseLogger - skip non existing resourceDirectory C:\Users\saira\Personal\Priyanka\JavaLearning\SpringNewLearn\newSpringLearn\src\main\resources
2024-04-01 15:09:34,977 [Worker-15: Building] INFO  o.e.m.c.i.embedder.EclipseLogger - Using 'UTF-8' encoding to copy filtered resources.
2024-04-01 15:09:34,977 [Worker-15: Building] INFO  o.e.m.c.i.embedder.EclipseLogger - skip non existing resourceDirectory C:\Users\saira\Personal\Priyanka\JavaLearning\SpringNewLearn\newSpringLearn\src\test\resources
2024-04-01 15:10:24,077 [Worker-15: Building] INFO  o.e.m.c.i.embedder.EclipseLogger - Using 'UTF-8' encoding to copy filtered resources.
2024-04-01 15:10:24,078 [Worker-15: Building] INFO  o.e.m.c.i.embedder.EclipseLogger - skip non existing resourceDirectory C:\Users\saira\Personal\Priyanka\JavaLearning\SpringNewLearn\newSpringLearn\src\main\resources
2024-04-01 15:10:24,080 [Worker-15: Building] INFO  o.e.m.c.i.embedder.EclipseLogger - Using 'UTF-8' encoding to copy filtered resources.
2024-04-01 15:10:24,080 [Worker-15: Building] INFO  o.e.m.c.i.embedder.EclipseLogger - skip non existing resourceDirectory C:\Users\saira\Personal\Priyanka\JavaLearning\SpringNewLearn\newSpringLearn\src\test\resources
2024-04-01 15:14:11,131 [Worker-48: Building] INFO  o.e.m.c.i.l.LifecycleMappingFactory - Using org.eclipse.m2e.jdt.JarLifecycleMapping lifecycle mapping for MavenProject: com.priya:newSpringLearn:0.0.1-SNAPSHOT @ C:\Users\saira\Personal\Priyanka\JavaLearning\SpringNewLearn\newSpringLearn\pom.xml.
2024-04-01 15:14:11,289 [Worker-48: Building] INFO  o.e.m.c.i.embedder.EclipseLogger - Using 'UTF-8' encoding to copy filtered resources.
2024-04-01 15:14:11,289 [Worker-48: Building] INFO  o.e.m.c.i.embedder.EclipseLogger - skip non existing resourceDirectory C:\Users\saira\Personal\Priyanka\JavaLearning\SpringNewLearn\newSpringLearn\src\main\resources
2024-04-01 15:14:11,289 [Worker-48: Building] INFO  o.e.m.c.i.embedder.EclipseLogger - Using 'UTF-8' encoding to copy filtered resources.
2024-04-01 15:14:11,305 [Worker-48: Building] INFO  o.e.m.c.i.embedder.EclipseLogger - skip non existing resourceDirectory C:\Users\saira\Personal\Priyanka\JavaLearning\SpringNewLearn\newSpringLearn\src\test\resources
2024-04-01 15:14:12,392 [Worker-22: Download sources and javadoc] INFO  o.e.m.c.i.e.AbstractTransferListenerAdapter - Downloading https://repo.maven.apache.org/maven2/org/springframework/spring-context/6.1.4/spring-context-6.1.4-sources.jar
2024-04-01 15:14:12,597 [Worker-49: Building] INFO  o.e.m.c.i.embedder.EclipseLogger - Using 'UTF-8' encoding to copy filtered resources.
2024-04-01 15:14:12,597 [Worker-49: Building] INFO  o.e.m.c.i.embedder.EclipseLogger - skip non existing resourceDirectory C:\Users\saira\Personal\Priyanka\JavaLearning\SpringNewLearn\newSpringLearn\src\main\resources
2024-04-01 15:14:12,598 [Worker-49: Building] INFO  o.e.m.c.i.embedder.EclipseLogger - Using 'UTF-8' encoding to copy filtered resources.
2024-04-01 15:14:12,598 [Worker-49: Building] INFO  o.e.m.c.i.embedder.EclipseLogger - skip non existing resourceDirectory C:\Users\saira\Personal\Priyanka\JavaLearning\SpringNewLearn\newSpringLearn\src\test\resources
2024-04-01 15:14:12,618 [Worker-22: Download sources and javadoc] INFO  o.e.m.c.i.e.AbstractTransferListenerAdapter - Downloaded https://repo.maven.apache.org/maven2/org/springframework/spring-context/6.1.4/spring-context-6.1.4-sources.jar
2024-04-01 15:14:12,621 [Worker-22: Download sources and javadoc] INFO  o.e.m.j.internal.DownloadSourcesJob - Downloaded sources for org.springframework:spring-context:6.1.4
2024-04-01 15:14:12,740 [Worker-22: Download sources and javadoc] INFO  o.e.m.c.i.e.AbstractTransferListenerAdapter - Downloading https://repo.maven.apache.org/maven2/org/springframework/spring-aop/6.1.4/spring-aop-6.1.4-sources.jar
2024-04-01 15:14:12,968 [Worker-22: Download sources and javadoc] INFO  o.e.m.c.i.e.AbstractTransferListenerAdapter - Downloaded https://repo.maven.apache.org/maven2/org/springframework/spring-aop/6.1.4/spring-aop-6.1.4-sources.jar
2024-04-01 15:14:12,972 [Worker-22: Download sources and javadoc] INFO  o.e.m.j.internal.DownloadSourcesJob - Downloaded sources for org.springframework:spring-aop:6.1.4
2024-04-01 15:14:13,085 [Worker-22: Download sources and javadoc] INFO  o.e.m.c.i.e.AbstractTransferListenerAdapter - Downloading https://repo.maven.apache.org/maven2/org/springframework/spring-beans/6.1.4/spring-beans-6.1.4-sources.jar
2024-04-01 15:14:13,300 [Worker-22: Download sources and javadoc] INFO  o.e.m.c.i.e.AbstractTransferListenerAdapter - Downloaded https://repo.maven.apache.org/maven2/org/springframework/spring-beans/6.1.4/spring-beans-6.1.4-sources.jar
2024-04-01 15:14:13,304 [Worker-22: Download sources and javadoc] INFO  o.e.m.j.internal.DownloadSourcesJob - Downloaded sources for org.springframework:spring-beans:6.1.4
2024-04-01 15:14:13,446 [Worker-22: Download sources and javadoc] INFO  o.e.m.c.i.e.AbstractTransferListenerAdapter - Downloading https://repo.maven.apache.org/maven2/org/springframework/spring-expression/6.1.4/spring-expression-6.1.4-sources.jar
2024-04-01 15:14:13,564 [Worker-22: Download sources and javadoc] INFO  o.e.m.c.i.e.AbstractTransferListenerAdapter - Downloaded https://repo.maven.apache.org/maven2/org/springframework/spring-expression/6.1.4/spring-expression-6.1.4-sources.jar
2024-04-01 15:14:13,569 [Worker-22: Download sources and javadoc] INFO  o.e.m.j.internal.DownloadSourcesJob - Downloaded sources for org.springframework:spring-expression:6.1.4
2024-04-01 15:14:13,692 [Worker-22: Download sources and javadoc] INFO  o.e.m.c.i.e.AbstractTransferListenerAdapter - Downloading https://repo.maven.apache.org/maven2/io/micrometer/micrometer-observation/1.12.3/micrometer-observation-1.12.3-sources.jar
2024-04-01 15:14:13,773 [Worker-22: Download sources and javadoc] INFO  o.e.m.c.i.e.AbstractTransferListenerAdapter - Downloaded https://repo.maven.apache.org/maven2/io/micrometer/micrometer-observation/1.12.3/micrometer-observation-1.12.3-sources.jar
2024-04-01 15:14:13,776 [Worker-22: Download sources and javadoc] INFO  o.e.m.j.internal.DownloadSourcesJob - Downloaded sources for io.micrometer:micrometer-observation:1.12.3
2024-04-01 15:14:13,882 [Worker-22: Download sources and javadoc] INFO  o.e.m.c.i.e.AbstractTransferListenerAdapter - Downloading https://repo.maven.apache.org/maven2/io/micrometer/micrometer-commons/1.12.3/micrometer-commons-1.12.3-sources.jar
2024-04-01 15:14:14,338 [Worker-22: Download sources and javadoc] INFO  o.e.m.c.i.e.AbstractTransferListenerAdapter - Downloaded https://repo.maven.apache.org/maven2/io/micrometer/micrometer-commons/1.12.3/micrometer-commons-1.12.3-sources.jar
2024-04-01 15:14:14,341 [Worker-22: Download sources and javadoc] INFO  o.e.m.j.internal.DownloadSourcesJob - Downloaded sources for io.micrometer:micrometer-commons:1.12.3
2024-04-01 15:14:14,490 [Worker-49: Building] INFO  o.e.m.c.i.embedder.EclipseLogger - Using 'UTF-8' encoding to copy filtered resources.
2024-04-01 15:14:14,491 [Worker-49: Building] INFO  o.e.m.c.i.embedder.EclipseLogger - skip non existing resourceDirectory C:\Users\saira\Personal\Priyanka\JavaLearning\SpringNewLearn\newSpringLearn\src\main\resources
2024-04-01 15:14:14,492 [Worker-49: Building] INFO  o.e.m.c.i.embedder.EclipseLogger - Using 'UTF-8' encoding to copy filtered resources.
2024-04-01 15:14:14,492 [Worker-49: Building] INFO  o.e.m.c.i.embedder.EclipseLogger - skip non existing resourceDirectory C:\Users\saira\Personal\Priyanka\JavaLearning\SpringNewLearn\newSpringLearn\src\test\resources
2024-04-01 15:18:13,368 [Worker-49: Building] INFO  o.e.m.c.i.embedder.EclipseLogger - Using 'UTF-8' encoding to copy filtered resources.
2024-04-01 15:18:13,369 [Worker-49: Building] INFO  o.e.m.c.i.embedder.EclipseLogger - skip non existing resourceDirectory C:\Users\saira\Personal\Priyanka\JavaLearning\SpringNewLearn\newSpringLearn\src\main\resources
2024-04-01 15:18:13,371 [Worker-49: Building] INFO  o.e.m.c.i.embedder.EclipseLogger - Using 'UTF-8' encoding to copy filtered resources.
2024-04-01 15:18:13,371 [Worker-49: Building] INFO  o.e.m.c.i.embedder.EclipseLogger - skip non existing resourceDirectory C:\Users\saira\Personal\Priyanka\JavaLearning\SpringNewLearn\newSpringLearn\src\test\resources
2024-04-01 15:18:26,821 [Worker-11: Building] INFO  o.e.m.c.i.embedder.EclipseLogger - Using 'UTF-8' encoding to copy filtered resources.
2024-04-01 15:18:26,822 [Worker-11: Building] INFO  o.e.m.c.i.embedder.EclipseLogger - skip non existing resourceDirectory C:\Users\saira\Personal\Priyanka\JavaLearning\SpringNewLearn\newSpringLearn\src\main\resources
2024-04-01 15:18:26,824 [Worker-11: Building] INFO  o.e.m.c.i.embedder.EclipseLogger - Using 'UTF-8' encoding to copy filtered resources.
2024-04-01 15:18:26,824 [Worker-11: Building] INFO  o.e.m.c.i.embedder.EclipseLogger - skip non existing resourceDirectory C:\Users\saira\Personal\Priyanka\JavaLearning\SpringNewLearn\newSpringLearn\src\test\resources
2024-04-01 15:18:41,754 [Worker-11: Building] INFO  o.e.m.c.i.embedder.EclipseLogger - Using 'UTF-8' encoding to copy filtered resources.
2024-04-01 15:18:41,754 [Worker-11: Building] INFO  o.e.m.c.i.embedder.EclipseLogger - skip non existing resourceDirectory C:\Users\saira\Personal\Priyanka\JavaLearning\SpringNewLearn\newSpringLearn\src\main\resources
2024-04-01 15:18:41,755 [Worker-11: Building] INFO  o.e.m.c.i.embedder.EclipseLogger - Using 'UTF-8' encoding to copy filtered resources.
2024-04-01 15:18:41,755 [Worker-11: Building] INFO  o.e.m.c.i.embedder.EclipseLogger - skip non existing resourceDirectory C:\Users\saira\Personal\Priyanka\JavaLearning\SpringNewLearn\newSpringLearn\src\test\resources
2024-04-01 15:19:07,367 [Worker-49: Building] INFO  o.e.m.c.i.embedder.EclipseLogger - Using 'UTF-8' encoding to copy filtered resources.
2024-04-01 15:19:07,367 [Worker-49: Building] INFO  o.e.m.c.i.embedder.EclipseLogger - skip non existing resourceDirectory C:\Users\saira\Personal\Priyanka\JavaLearning\SpringNewLearn\newSpringLearn\src\main\resources
2024-04-01 15:19:07,369 [Worker-49: Building] INFO  o.e.m.c.i.embedder.EclipseLogger - Using 'UTF-8' encoding to copy filtered resources.
2024-04-01 15:19:07,369 [Worker-49: Building] INFO  o.e.m.c.i.embedder.EclipseLogger - skip non existing resourceDirectory C:\Users\saira\Personal\Priyanka\JavaLearning\SpringNewLearn\newSpringLearn\src\test\resources
2024-04-01 15:24:40,045 [Worker-22: Building] INFO  o.e.m.c.i.embedder.EclipseLogger - Using 'UTF-8' encoding to copy filtered resources.
2024-04-01 15:24:40,046 [Worker-22: Building] INFO  o.e.m.c.i.embedder.EclipseLogger - skip non existing resourceDirectory C:\Users\saira\Personal\Priyanka\JavaLearning\SpringNewLearn\newSpringLearn\src\main\resources
2024-04-01 15:24:40,050 [Worker-22: Building] INFO  o.e.m.c.i.embedder.EclipseLogger - Using 'UTF-8' encoding to copy filtered resources.
2024-04-01 15:24:40,050 [Worker-22: Building] INFO  o.e.m.c.i.embedder.EclipseLogger - skip non existing resourceDirectory C:\Users\saira\Personal\Priyanka\JavaLearning\SpringNewLearn\newSpringLearn\src\test\resources
2024-04-01 15:24:46,327 [Worker-52: Building] INFO  o.e.m.c.i.embedder.EclipseLogger - Using 'UTF-8' encoding to copy filtered resources.
2024-04-01 15:24:46,327 [Worker-52: Building] INFO  o.e.m.c.i.embedder.EclipseLogger - skip non existing resourceDirectory C:\Users\saira\Personal\Priyanka\JavaLearning\SpringNewLearn\newSpringLearn\src\main\resources
2024-04-01 15:24:46,330 [Worker-52: Building] INFO  o.e.m.c.i.embedder.EclipseLogger - Using 'UTF-8' encoding to copy filtered resources.
2024-04-01 15:24:46,331 [Worker-52: Building] INFO  o.e.m.c.i.embedder.EclipseLogger - skip non existing resourceDirectory C:\Users\saira\Personal\Priyanka\JavaLearning\SpringNewLearn\newSpringLearn\src\test\resources
2024-04-01 15:25:41,304 [Worker-11: Building] INFO  o.e.m.c.i.embedder.EclipseLogger - Using 'UTF-8' encoding to copy filtered resources.
2024-04-01 15:25:41,304 [Worker-11: Building] INFO  o.e.m.c.i.embedder.EclipseLogger - skip non existing resourceDirectory C:\Users\saira\Personal\Priyanka\JavaLearning\SpringNewLearn\newSpringLearn\src\main\resources
2024-04-01 15:25:41,307 [Worker-11: Building] INFO  o.e.m.c.i.embedder.EclipseLogger - Using 'UTF-8' encoding to copy filtered resources.
2024-04-01 15:25:41,307 [Worker-11: Building] INFO  o.e.m.c.i.embedder.EclipseLogger - skip non existing resourceDirectory C:\Users\saira\Personal\Priyanka\JavaLearning\SpringNewLearn\newSpringLearn\src\test\resources
2024-04-01 15:27:20,015 [Worker-53: Building] INFO  o.e.m.c.i.embedder.EclipseLogger - Using 'UTF-8' encoding to copy filtered resources.
2024-04-01 15:27:20,016 [Worker-53: Building] INFO  o.e.m.c.i.embedder.EclipseLogger - skip non existing resourceDirectory C:\Users\saira\Personal\Priyanka\JavaLearning\SpringNewLearn\newSpringLearn\src\main\resources
2024-04-01 15:27:20,017 [Worker-53: Building] INFO  o.e.m.c.i.embedder.EclipseLogger - Using 'UTF-8' encoding to copy filtered resources.
2024-04-01 15:27:20,018 [Worker-53: Building] INFO  o.e.m.c.i.embedder.EclipseLogger - skip non existing resourceDirectory C:\Users\saira\Personal\Priyanka\JavaLearning\SpringNewLearn\newSpringLearn\src\test\resources
2024-04-01 15:27:21,109 [Worker-53: Building] INFO  o.e.m.c.i.embedder.EclipseLogger - Using 'UTF-8' encoding to copy filtered resources.
2024-04-01 15:27:21,109 [Worker-53: Building] INFO  o.e.m.c.i.embedder.EclipseLogger - skip non existing resourceDirectory C:\Users\saira\Personal\Priyanka\JavaLearning\SpringNewLearn\newSpringLearn\src\main\resources
2024-04-01 15:27:21,111 [Worker-53: Building] INFO  o.e.m.c.i.embedder.EclipseLogger - Using 'UTF-8' encoding to copy filtered resources.
2024-04-01 15:27:21,111 [Worker-53: Building] INFO  o.e.m.c.i.embedder.EclipseLogger - skip non existing resourceDirectory C:\Users\saira\Personal\Priyanka\JavaLearning\SpringNewLearn\newSpringLearn\src\test\resources
2024-04-01 15:27:32,925 [Worker-22: Building] INFO  o.e.m.c.i.embedder.EclipseLogger - Using 'UTF-8' encoding to copy filtered resources.
2024-04-01 15:27:32,925 [Worker-22: Building] INFO  o.e.m.c.i.embedder.EclipseLogger - skip non existing resourceDirectory C:\Users\saira\Personal\Priyanka\JavaLearning\SpringNewLearn\newSpringLearn\src\main\resources
2024-04-01 15:27:32,927 [Worker-22: Building] INFO  o.e.m.c.i.embedder.EclipseLogger - Using 'UTF-8' encoding to copy filtered resources.
2024-04-01 15:27:32,927 [Worker-22: Building] INFO  o.e.m.c.i.embedder.EclipseLogger - skip non existing resourceDirectory C:\Users\saira\Personal\Priyanka\JavaLearning\SpringNewLearn\newSpringLearn\src\test\resources
2024-04-01 15:27:51,612 [Worker-54: Building] INFO  o.e.m.c.i.embedder.EclipseLogger - Using 'UTF-8' encoding to copy filtered resources.
2024-04-01 15:27:51,613 [Worker-54: Building] INFO  o.e.m.c.i.embedder.EclipseLogger - skip non existing resourceDirectory C:\Users\saira\Personal\Priyanka\JavaLearning\SpringNewLearn\newSpringLearn\src\main\resources
2024-04-01 15:27:51,614 [Worker-54: Building] INFO  o.e.m.c.i.embedder.EclipseLogger - Using 'UTF-8' encoding to copy filtered resources.
2024-04-01 15:27:51,615 [Worker-54: Building] INFO  o.e.m.c.i.embedder.EclipseLogger - skip non existing resourceDirectory C:\Users\saira\Personal\Priyanka\JavaLearning\SpringNewLearn\newSpringLearn\src\test\resources
2024-04-01 15:28:11,095 [Worker-54: Building] INFO  o.e.m.c.i.embedder.EclipseLogger - Using 'UTF-8' encoding to copy filtered resources.
2024-04-01 15:28:11,095 [Worker-54: Building] INFO  o.e.m.c.i.embedder.EclipseLogger - skip non existing resourceDirectory C:\Users\saira\Personal\Priyanka\JavaLearning\SpringNewLearn\newSpringLearn\src\main\resources
2024-04-01 15:28:11,098 [Worker-54: Building] INFO  o.e.m.c.i.embedder.EclipseLogger - Using 'UTF-8' encoding to copy filtered resources.
2024-04-01 15:28:11,099 [Worker-54: Building] INFO  o.e.m.c.i.embedder.EclipseLogger - skip non existing resourceDirectory C:\Users\saira\Personal\Priyanka\JavaLearning\SpringNewLearn\newSpringLearn\src\test\resources
2024-04-01 15:28:17,912 [Worker-54: Building] INFO  o.e.m.c.i.embedder.EclipseLogger - Using 'UTF-8' encoding to copy filtered resources.
2024-04-01 15:28:17,912 [Worker-54: Building] INFO  o.e.m.c.i.embedder.EclipseLogger - skip non existing resourceDirectory C:\Users\saira\Personal\Priyanka\JavaLearning\SpringNewLearn\newSpringLearn\src\main\resources
2024-04-01 15:28:17,914 [Worker-54: Building] INFO  o.e.m.c.i.embedder.EclipseLogger - Using 'UTF-8' encoding to copy filtered resources.
2024-04-01 15:28:17,914 [Worker-54: Building] INFO  o.e.m.c.i.embedder.EclipseLogger - skip non existing resourceDirectory C:\Users\saira\Personal\Priyanka\JavaLearning\SpringNewLearn\newSpringLearn\src\test\resources
2024-04-01 15:48:50,261 [Worker-58: Building] INFO  o.e.m.c.i.embedder.EclipseLogger - Using 'UTF-8' encoding to copy filtered resources.
2024-04-01 15:48:50,262 [Worker-58: Building] INFO  o.e.m.c.i.embedder.EclipseLogger - skip non existing resourceDirectory C:\Users\saira\Personal\Priyanka\JavaLearning\SpringNewLearn\newSpringLearn\src\main\resources
2024-04-01 15:48:50,264 [Worker-58: Building] INFO  o.e.m.c.i.embedder.EclipseLogger - Using 'UTF-8' encoding to copy filtered resources.
2024-04-01 15:48:50,265 [Worker-58: Building] INFO  o.e.m.c.i.embedder.EclipseLogger - skip non existing resourceDirectory C:\Users\saira\Personal\Priyanka\JavaLearning\SpringNewLearn\newSpringLearn\src\test\resources
2024-04-01 15:49:12,487 [Worker-11: Building] INFO  o.e.m.c.i.embedder.EclipseLogger - Using 'UTF-8' encoding to copy filtered resources.
2024-04-01 15:49:12,487 [Worker-11: Building] INFO  o.e.m.c.i.embedder.EclipseLogger - skip non existing resourceDirectory C:\Users\saira\Personal\Priyanka\JavaLearning\SpringNewLearn\newSpringLearn\src\main\resources
2024-04-01 15:49:12,489 [Worker-11: Building] INFO  o.e.m.c.i.embedder.EclipseLogger - Using 'UTF-8' encoding to copy filtered resources.
2024-04-01 15:49:12,490 [Worker-11: Building] INFO  o.e.m.c.i.embedder.EclipseLogger - skip non existing resourceDirectory C:\Users\saira\Personal\Priyanka\JavaLearning\SpringNewLearn\newSpringLearn\src\test\resources
2024-04-01 15:56:32,035 [Worker-11: Building] INFO  o.e.m.c.i.embedder.EclipseLogger - Using 'UTF-8' encoding to copy filtered resources.
2024-04-01 15:56:32,036 [Worker-11: Building] INFO  o.e.m.c.i.embedder.EclipseLogger - skip non existing resourceDirectory C:\Users\saira\Personal\Priyanka\JavaLearning\SpringNewLearn\newSpringLearn\src\main\resources
2024-04-01 15:56:32,040 [Worker-11: Building] INFO  o.e.m.c.i.embedder.EclipseLogger - Using 'UTF-8' encoding to copy filtered resources.
2024-04-01 15:56:32,040 [Worker-11: Building] INFO  o.e.m.c.i.embedder.EclipseLogger - skip non existing resourceDirectory C:\Users\saira\Personal\Priyanka\JavaLearning\SpringNewLearn\newSpringLearn\src\test\resources
2024-04-01 15:57:46,747 [Worker-62: Building] INFO  o.e.m.c.i.embedder.EclipseLogger - Using 'UTF-8' encoding to copy filtered resources.
2024-04-01 15:57:46,747 [Worker-62: Building] INFO  o.e.m.c.i.embedder.EclipseLogger - skip non existing resourceDirectory C:\Users\saira\Personal\Priyanka\JavaLearning\SpringNewLearn\newSpringLearn\src\main\resources
2024-04-01 15:57:46,750 [Worker-62: Building] INFO  o.e.m.c.i.embedder.EclipseLogger - Using 'UTF-8' encoding to copy filtered resources.
2024-04-01 15:57:46,750 [Worker-62: Building] INFO  o.e.m.c.i.embedder.EclipseLogger - skip non existing resourceDirectory C:\Users\saira\Personal\Priyanka\JavaLearning\SpringNewLearn\newSpringLearn\src\test\resources
2024-04-01 15:59:35,396 [Worker-57: Building] INFO  o.e.m.c.i.embedder.EclipseLogger - Using 'UTF-8' encoding to copy filtered resources.
2024-04-01 15:59:35,396 [Worker-57: Building] INFO  o.e.m.c.i.embedder.EclipseLogger - skip non existing resourceDirectory C:\Users\saira\Personal\Priyanka\JavaLearning\SpringNewLearn\newSpringLearn\src\main\resources
2024-04-01 15:59:35,398 [Worker-57: Building] INFO  o.e.m.c.i.embedder.EclipseLogger - Using 'UTF-8' encoding to copy filtered resources.
2024-04-01 15:59:35,398 [Worker-57: Building] INFO  o.e.m.c.i.embedder.EclipseLogger - skip non existing resourceDirectory C:\Users\saira\Personal\Priyanka\JavaLearning\SpringNewLearn\newSpringLearn\src\test\resources
2024-04-01 15:59:53,649 [Worker-61: Building] INFO  o.e.m.c.i.embedder.EclipseLogger - Using 'UTF-8' encoding to copy filtered resources.
2024-04-01 15:59:53,650 [Worker-61: Building] INFO  o.e.m.c.i.embedder.EclipseLogger - skip non existing resourceDirectory C:\Users\saira\Personal\Priyanka\JavaLearning\SpringNewLearn\newSpringLearn\src\main\resources
2024-04-01 15:59:53,651 [Worker-61: Building] INFO  o.e.m.c.i.embedder.EclipseLogger - Using 'UTF-8' encoding to copy filtered resources.
2024-04-01 15:59:53,652 [Worker-61: Building] INFO  o.e.m.c.i.embedder.EclipseLogger - skip non existing resourceDirectory C:\Users\saira\Personal\Priyanka\JavaLearning\SpringNewLearn\newSpringLearn\src\test\resources
2024-04-01 15:59:55,993 [Worker-57: Building] INFO  o.e.m.c.i.embedder.EclipseLogger - Using 'UTF-8' encoding to copy filtered resources.
2024-04-01 15:59:55,993 [Worker-57: Building] INFO  o.e.m.c.i.embedder.EclipseLogger - skip non existing resourceDirectory C:\Users\saira\Personal\Priyanka\JavaLearning\SpringNewLearn\newSpringLearn\src\main\resources
2024-04-01 15:59:55,994 [Worker-57: Building] INFO  o.e.m.c.i.embedder.EclipseLogger - Using 'UTF-8' encoding to copy filtered resources.
2024-04-01 15:59:55,994 [Worker-57: Building] INFO  o.e.m.c.i.embedder.EclipseLogger - skip non existing resourceDirectory C:\Users\saira\Personal\Priyanka\JavaLearning\SpringNewLearn\newSpringLearn\src\test\resources
2024-04-01 16:00:04,887 [Worker-60: Building] INFO  o.e.m.c.i.embedder.EclipseLogger - Using 'UTF-8' encoding to copy filtered resources.
2024-04-01 16:00:04,887 [Worker-60: Building] INFO  o.e.m.c.i.embedder.EclipseLogger - skip non existing resourceDirectory C:\Users\saira\Personal\Priyanka\JavaLearning\SpringNewLearn\newSpringLearn\src\main\resources
2024-04-01 16:00:04,889 [Worker-60: Building] INFO  o.e.m.c.i.embedder.EclipseLogger - Using 'UTF-8' encoding to copy filtered resources.
2024-04-01 16:00:04,889 [Worker-60: Building] INFO  o.e.m.c.i.embedder.EclipseLogger - skip non existing resourceDirectory C:\Users\saira\Personal\Priyanka\JavaLearning\SpringNewLearn\newSpringLearn\src\test\resources
2024-04-01 16:00:18,728 [Worker-60: Launching App] INFO  o.e.m.c.i.embedder.EclipseLogger - Using 'UTF-8' encoding to copy filtered resources.
2024-04-01 16:00:18,728 [Worker-60: Launching App] INFO  o.e.m.c.i.embedder.EclipseLogger - skip non existing resourceDirectory C:\Users\saira\Personal\Priyanka\JavaLearning\SpringNewLearn\newSpringLearn\src\main\resources
2024-04-01 16:00:18,730 [Worker-60: Launching App] INFO  o.e.m.c.i.embedder.EclipseLogger - Using 'UTF-8' encoding to copy filtered resources.
2024-04-01 16:00:18,730 [Worker-60: Launching App] INFO  o.e.m.c.i.embedder.EclipseLogger - skip non existing resourceDirectory C:\Users\saira\Personal\Priyanka\JavaLearning\SpringNewLearn\newSpringLearn\src\test\resources
